This is pdfTeX, Version 3.1415926-2.3-1.40.12 (MiKTeX 2.9 64-bit) (preloaded format=pdflatex 2013.5.22)  7 JUL 2014 15:54
entering extended mode
**main.tex
("C:\Users\eansar2\Google Drive\Ph.D. Reports\Statistical Analysis\main.tex"
LaTeX2e <2011/06/27>
Babel <v3.8m> and hyphenation patterns for english, afrikaans, ancientgreek, ar
abic, armenian, assamese, basque, bengali, bokmal, bulgarian, catalan, coptic, 
croatian, czech, danish, dutch, esperanto, estonian, farsi, finnish, french, ga
lician, german, german-x-2009-06-19, greek, gujarati, hindi, hungarian, iceland
ic, indonesian, interlingua, irish, italian, kannada, kurmanji, lao, latin, lat
vian, lithuanian, malayalam, marathi, mongolian, mongolianlmc, monogreek, ngerm
an, ngerman-x-2009-06-19, nynorsk, oriya, panjabi, pinyin, polish, portuguese, 
romanian, russian, sanskrit, serbian, slovak, slovenian, spanish, swedish, swis
sgerman, tamil, telugu, turkish, turkmen, ukenglish, ukrainian, uppersorbian, u
senglishmax, welsh, loaded.

("C:\Users\eansar2\Google Drive\Ph.D. Reports\Statistical Analysis\elsarticle.c
ls"
Document Class: elsarticle 2009/09/17, 1.20b: Elsevier Ltd
\@bls=\dimen102
("E:\installed programs\texpro\tex\latex\base\article.cls"
Document Class: article 2007/10/19 v1.4h Standard LaTeX document class
("E:\installed programs\texpro\tex\latex\base\size12.clo"
File: size12.clo 2007/10/19 v1.4h Standard LaTeX file (size option)
)
\c@part=\count79
\c@section=\count80
\c@subsection=\count81
\c@subsubsection=\count82
\c@paragraph=\count83
\c@subparagraph=\count84
\c@figure=\count85
\c@table=\count86
\abovecaptionskip=\skip41
\belowcaptionskip=\skip42
\bibindent=\dimen103
)
("E:\installed programs\texpro\tex\latex\graphics\graphicx.sty"
Package: graphicx 1999/02/16 v1.0f Enhanced LaTeX Graphics (DPC,SPQR)

("E:\installed programs\texpro\tex\latex\graphics\keyval.sty"
Package: keyval 1999/03/16 v1.13 key=value parser (DPC)
\KV@toks@=\toks14
)
("E:\installed programs\texpro\tex\latex\graphics\graphics.sty"
Package: graphics 2009/02/05 v1.0o Standard LaTeX Graphics (DPC,SPQR)

("E:\installed programs\texpro\tex\latex\graphics\trig.sty"
Package: trig 1999/03/16 v1.09 sin cos tan (DPC)
)
("E:\installed programs\texpro\tex\latex\00miktex\graphics.cfg"
File: graphics.cfg 2007/01/18 v1.5 graphics configuration of teTeX/TeXLive
)
Package graphics Info: Driver file: pdftex.def on input line 91.

("E:\installed programs\texpro\tex\latex\pdftex-def\pdftex.def"
File: pdftex.def 2011/05/27 v0.06d Graphics/color for pdfTeX

("E:\installed programs\texpro\tex\generic\oberdiek\infwarerr.sty"
Package: infwarerr 2010/04/08 v1.3 Providing info/warning/error messages (HO)
)
("E:\installed programs\texpro\tex\generic\oberdiek\ltxcmds.sty"
Package: ltxcmds 2011/11/09 v1.22 LaTeX kernel commands for general use (HO)
)
\Gread@gobject=\count87
))
\Gin@req@height=\dimen104
\Gin@req@width=\dimen105
)
("E:\installed programs\texpro\tex\latex\psnfss\pifont.sty"
Package: pifont 2005/04/12 PSNFSS-v9.2a Pi font support (SPQR) 
LaTeX Font Info:    Try loading font information for U+pzd on input line 63.

("E:\installed programs\texpro\tex\latex\psnfss\upzd.fd"
File: upzd.fd 2001/06/04 font definitions for U/pzd.
)
LaTeX Font Info:    Try loading font information for U+psy on input line 64.

("E:\installed programs\texpro\tex\latex\psnfss\upsy.fd"
File: upsy.fd 2001/06/04 font definitions for U/psy.
))
\c@tnote=\count88
\c@fnote=\count89
\c@cnote=\count90
\c@ead=\count91
\c@author=\count92
\@eadauthor=\toks15
\c@affn=\count93
\absbox=\box26
\keybox=\box27
\Columnwidth=\dimen106
\space@left=\dimen107
\els@boxa=\box28
\els@boxb=\box29
\leftMargin=\dimen108
\@enLab=\toks16
\@sep=\skip43
\@@sep=\skip44

("C:\Users\eansar2\Google Drive\Ph.D. Reports\Statistical Analysis\main.spl")
("E:\installed programs\texpro\tex\latex\natbib\natbib.sty"
Package: natbib 2010/09/13 8.31b (PWD, AO)
\bibhang=\skip45
\bibsep=\skip46
LaTeX Info: Redefining \cite on input line 694.
\c@NAT@ctr=\count94
)
\splwrite=\write3
\appnamewidth=\dimen109
)
("E:\installed programs\texpro\tex\latex\graphics\color.sty"
Package: color 2005/11/14 v1.0j Standard LaTeX Color (DPC)

("E:\installed programs\texpro\tex\latex\00miktex\color.cfg"
File: color.cfg 2007/01/18 v1.5 color configuration of teTeX/TeXLive
)
Package color Info: Driver file: pdftex.def on input line 130.
)
("E:\installed programs\texpro\tex\latex\framed\framed.sty"
Package: framed 2007/10/04 v 0.95: framed or shaded text with page breaks
\fb@frw=\dimen110
\fb@frh=\dimen111
\FrameRule=\dimen112
\FrameSep=\dimen113
)
("E:\installed programs\texpro\tex\latex\base\alltt.sty"
Package: alltt 1997/06/16 v2.0g defines alltt environment
)
("E:\installed programs\texpro\tex\latex\caption\caption.sty"
Package: caption 2012/02/19 v3.2f Customizing captions (AR)

("E:\installed programs\texpro\tex\latex\caption\caption3.sty"
Package: caption3 2012/01/12 v1.4b caption3 kernel (AR)
\captionmargin=\dimen114
\captionmargin@=\dimen115
\captionwidth=\dimen116
\caption@indent=\dimen117
\caption@parindent=\dimen118
\caption@hangindent=\dimen119
Package caption Info: Unknown document class (or package),
(caption)             standard defaults will be used.
)

Package caption Warning: Unsupported document class (or package) detected,
(caption)                usage of the caption package is not recommended.
See the caption package documentation for explanation.

Package caption Info: \@makecaption = \long macro:#1#2->\vskip \abovecaptionski
p \footnotesize \sbox \@tempboxa {#1: #2}\ifdim \wd \@tempboxa >\hsize #1: #2\p
ar \else \global \@minipagefalse \hb@xt@ \hsize {\hfil \box \@tempboxa \hfil }\
fi \vskip \belowcaptionskip .
\c@ContinuedFloat=\count95
) ("E:\installed programs\texpro\tex\latex\caption\subcaption.sty"
Package: subcaption 2012/01/12 v1.1d Sub-captions (AR)
\c@subfigure=\count96
\c@subtable=\count97
)
("E:\installed programs\texpro\tex\latex\filecontents\filecontents.sty"
Package: filecontents 2011/10/08 v1.3 Create an external file from within a LaT
eX document
)
("E:\installed programs\texpro\tex\latex\comment\comment.sty"
\CommentStream=\write4

Excluding comment 'comment')
("E:\installed programs\texpro\tex\latex\amsfonts\amssymb.sty"
Package: amssymb 2009/06/22 v3.00

("E:\installed programs\texpro\tex\latex\amsfonts\amsfonts.sty"
Package: amsfonts 2009/06/22 v3.00 Basic AMSFonts support
\@emptytoks=\toks17
\symAMSa=\mathgroup4
\symAMSb=\mathgroup5
LaTeX Font Info:    Overwriting math alphabet `\mathfrak' in version `bold'
(Font)                  U/euf/m/n --> U/euf/b/n on input line 96.
))
("E:\installed programs\texpro\tex\latex\ams\classes\amsthm.sty"
Package: amsthm 2004/08/06 v2.20
\thm@style=\toks18
\thm@bodyfont=\toks19
\thm@headfont=\toks20
\thm@notefont=\toks21
\thm@headpunct=\toks22
\thm@preskip=\skip47
\thm@postskip=\skip48
\thm@headsep=\skip49
\dth@everypar=\toks23
LaTeX Info: Redefining \qed on input line 283.
)
("E:\installed programs\texpro\tex\latex\ams\math\amsmath.sty"
Package: amsmath 2000/07/18 v2.13 AMS math features
\@mathmargin=\skip50

For additional information on amsmath, use the `?' option.
("E:\installed programs\texpro\tex\latex\ams\math\amstext.sty"
Package: amstext 2000/06/29 v2.01

("E:\installed programs\texpro\tex\latex\ams\math\amsgen.sty"
File: amsgen.sty 1999/11/30 v2.0
\@emptytoks=\toks24
\ex@=\dimen120
))
("E:\installed programs\texpro\tex\latex\ams\math\amsbsy.sty"
Package: amsbsy 1999/11/29 v1.2d
\pmbraise@=\dimen121
)
("E:\installed programs\texpro\tex\latex\ams\math\amsopn.sty"
Package: amsopn 1999/12/14 v2.01 operator names
)
\inf@bad=\count98
LaTeX Info: Redefining \frac on input line 211.
\uproot@=\count99
\leftroot@=\count100
LaTeX Info: Redefining \overline on input line 307.
\classnum@=\count101
\DOTSCASE@=\count102
LaTeX Info: Redefining \ldots on input line 379.
LaTeX Info: Redefining \dots on input line 382.
LaTeX Info: Redefining \cdots on input line 467.
\Mathstrutbox@=\box30
\strutbox@=\box31
\big@size=\dimen122
LaTeX Font Info:    Redeclaring font encoding OML on input line 567.
LaTeX Font Info:    Redeclaring font encoding OMS on input line 568.
\macc@depth=\count103
\c@MaxMatrixCols=\count104
\dotsspace@=\muskip10
\c@parentequation=\count105
\dspbrk@lvl=\count106
\tag@help=\toks25
\row@=\count107
\column@=\count108
\maxfields@=\count109
\andhelp@=\toks26
\eqnshift@=\dimen123
\alignsep@=\dimen124
\tagshift@=\dimen125
\tagwidth@=\dimen126
\totwidth@=\dimen127
\lineht@=\dimen128
\@envbody=\toks27
\multlinegap=\skip51
\multlinetaggap=\skip52
\mathdisplay@stack=\toks28
LaTeX Info: Redefining \[ on input line 2666.
LaTeX Info: Redefining \] on input line 2667.
)
("E:\installed programs\texpro\tex\latex\tools\bm.sty"
Package: bm 2004/02/26 v1.1c Bold Symbol Support (DPC/FMi)
\symboldoperators=\mathgroup6
\symboldletters=\mathgroup7
\symboldsymbols=\mathgroup8
LaTeX Font Info:    Redeclaring math alphabet \mathbf on input line 138.
LaTeX Info: Redefining \bm on input line 204.
)
("E:\installed programs\texpro\tex\latex\base\inputenc.sty"
Package: inputenc 2008/03/30 v1.1d Input encoding file
\inpenc@prehook=\toks29
\inpenc@posthook=\toks30

("E:\installed programs\texpro\tex\latex\base\utf8.def"
File: utf8.def 2008/04/05 v1.1m UTF-8 support for inputenc
Now handling font encoding OML ...
... no UTF-8 mapping file for font encoding OML
Now handling font encoding T1 ...
... processing UTF-8 mapping file for font encoding T1

("E:\installed programs\texpro\tex\latex\base\t1enc.dfu"
File: t1enc.dfu 2008/04/05 v1.1m UTF-8 support for inputenc
   defining Unicode char U+00A1 (decimal 161)
   defining Unicode char U+00A3 (decimal 163)
   defining Unicode char U+00AB (decimal 171)
   defining Unicode char U+00BB (decimal 187)
   defining Unicode char U+00BF (decimal 191)
   defining Unicode char U+00C0 (decimal 192)
   defining Unicode char U+00C1 (decimal 193)
   defining Unicode char U+00C2 (decimal 194)
   defining Unicode char U+00C3 (decimal 195)
   defining Unicode char U+00C4 (decimal 196)
   defining Unicode char U+00C5 (decimal 197)
   defining Unicode char U+00C6 (decimal 198)
   defining Unicode char U+00C7 (decimal 199)
   defining Unicode char U+00C8 (decimal 200)
   defining Unicode char U+00C9 (decimal 201)
   defining Unicode char U+00CA (decimal 202)
   defining Unicode char U+00CB (decimal 203)
   defining Unicode char U+00CC (decimal 204)
   defining Unicode char U+00CD (decimal 205)
   defining Unicode char U+00CE (decimal 206)
   defining Unicode char U+00CF (decimal 207)
   defining Unicode char U+00D0 (decimal 208)
   defining Unicode char U+00D1 (decimal 209)
   defining Unicode char U+00D2 (decimal 210)
   defining Unicode char U+00D3 (decimal 211)
   defining Unicode char U+00D4 (decimal 212)
   defining Unicode char U+00D5 (decimal 213)
   defining Unicode char U+00D6 (decimal 214)
   defining Unicode char U+00D8 (decimal 216)
   defining Unicode char U+00D9 (decimal 217)
   defining Unicode char U+00DA (decimal 218)
   defining Unicode char U+00DB (decimal 219)
   defining Unicode char U+00DC (decimal 220)
   defining Unicode char U+00DD (decimal 221)
   defining Unicode char U+00DE (decimal 222)
   defining Unicode char U+00DF (decimal 223)
   defining Unicode char U+00E0 (decimal 224)
   defining Unicode char U+00E1 (decimal 225)
   defining Unicode char U+00E2 (decimal 226)
   defining Unicode char U+00E3 (decimal 227)
   defining Unicode char U+00E4 (decimal 228)
   defining Unicode char U+00E5 (decimal 229)
   defining Unicode char U+00E6 (decimal 230)
   defining Unicode char U+00E7 (decimal 231)
   defining Unicode char U+00E8 (decimal 232)
   defining Unicode char U+00E9 (decimal 233)
   defining Unicode char U+00EA (decimal 234)
   defining Unicode char U+00EB (decimal 235)
   defining Unicode char U+00EC (decimal 236)
   defining Unicode char U+00ED (decimal 237)
   defining Unicode char U+00EE (decimal 238)
   defining Unicode char U+00EF (decimal 239)
   defining Unicode char U+00F0 (decimal 240)
   defining Unicode char U+00F1 (decimal 241)
   defining Unicode char U+00F2 (decimal 242)
   defining Unicode char U+00F3 (decimal 243)
   defining Unicode char U+00F4 (decimal 244)
   defining Unicode char U+00F5 (decimal 245)
   defining Unicode char U+00F6 (decimal 246)
   defining Unicode char U+00F8 (decimal 248)
   defining Unicode char U+00F9 (decimal 249)
   defining Unicode char U+00FA (decimal 250)
   defining Unicode char U+00FB (decimal 251)
   defining Unicode char U+00FC (decimal 252)
   defining Unicode char U+00FD (decimal 253)
   defining Unicode char U+00FE (decimal 254)
   defining Unicode char U+00FF (decimal 255)
   defining Unicode char U+0102 (decimal 258)
   defining Unicode char U+0103 (decimal 259)
   defining Unicode char U+0104 (decimal 260)
   defining Unicode char U+0105 (decimal 261)
   defining Unicode char U+0106 (decimal 262)
   defining Unicode char U+0107 (decimal 263)
   defining Unicode char U+010C (decimal 268)
   defining Unicode char U+010D (decimal 269)
   defining Unicode char U+010E (decimal 270)
   defining Unicode char U+010F (decimal 271)
   defining Unicode char U+0110 (decimal 272)
   defining Unicode char U+0111 (decimal 273)
   defining Unicode char U+0118 (decimal 280)
   defining Unicode char U+0119 (decimal 281)
   defining Unicode char U+011A (decimal 282)
   defining Unicode char U+011B (decimal 283)
   defining Unicode char U+011E (decimal 286)
   defining Unicode char U+011F (decimal 287)
   defining Unicode char U+0130 (decimal 304)
   defining Unicode char U+0131 (decimal 305)
   defining Unicode char U+0132 (decimal 306)
   defining Unicode char U+0133 (decimal 307)
   defining Unicode char U+0139 (decimal 313)
   defining Unicode char U+013A (decimal 314)
   defining Unicode char U+013D (decimal 317)
   defining Unicode char U+013E (decimal 318)
   defining Unicode char U+0141 (decimal 321)
   defining Unicode char U+0142 (decimal 322)
   defining Unicode char U+0143 (decimal 323)
   defining Unicode char U+0144 (decimal 324)
   defining Unicode char U+0147 (decimal 327)
   defining Unicode char U+0148 (decimal 328)
   defining Unicode char U+014A (decimal 330)
   defining Unicode char U+014B (decimal 331)
   defining Unicode char U+0150 (decimal 336)
   defining Unicode char U+0151 (decimal 337)
   defining Unicode char U+0152 (decimal 338)
   defining Unicode char U+0153 (decimal 339)
   defining Unicode char U+0154 (decimal 340)
   defining Unicode char U+0155 (decimal 341)
   defining Unicode char U+0158 (decimal 344)
   defining Unicode char U+0159 (decimal 345)
   defining Unicode char U+015A (decimal 346)
   defining Unicode char U+015B (decimal 347)
   defining Unicode char U+015E (decimal 350)
   defining Unicode char U+015F (decimal 351)
   defining Unicode char U+0160 (decimal 352)
   defining Unicode char U+0161 (decimal 353)
   defining Unicode char U+0162 (decimal 354)
   defining Unicode char U+0163 (decimal 355)
   defining Unicode char U+0164 (decimal 356)
   defining Unicode char U+0165 (decimal 357)
   defining Unicode char U+016E (decimal 366)
   defining Unicode char U+016F (decimal 367)
   defining Unicode char U+0170 (decimal 368)
   defining Unicode char U+0171 (decimal 369)
   defining Unicode char U+0178 (decimal 376)
   defining Unicode char U+0179 (decimal 377)
   defining Unicode char U+017A (decimal 378)
   defining Unicode char U+017B (decimal 379)
   defining Unicode char U+017C (decimal 380)
   defining Unicode char U+017D (decimal 381)
   defining Unicode char U+017E (decimal 382)
   defining Unicode char U+200C (decimal 8204)
   defining Unicode char U+2013 (decimal 8211)
   defining Unicode char U+2014 (decimal 8212)
   defining Unicode char U+2018 (decimal 8216)
   defining Unicode char U+2019 (decimal 8217)
   defining Unicode char U+201A (decimal 8218)
   defining Unicode char U+201C (decimal 8220)
   defining Unicode char U+201D (decimal 8221)
   defining Unicode char U+201E (decimal 8222)
   defining Unicode char U+2030 (decimal 8240)
   defining Unicode char U+2031 (decimal 8241)
   defining Unicode char U+2039 (decimal 8249)
   defining Unicode char U+203A (decimal 8250)
   defining Unicode char U+2423 (decimal 9251)
)
Now handling font encoding OT1 ...
... processing UTF-8 mapping file for font encoding OT1

("E:\installed programs\texpro\tex\latex\base\ot1enc.dfu"
File: ot1enc.dfu 2008/04/05 v1.1m UTF-8 support for inputenc
   defining Unicode char U+00A1 (decimal 161)
   defining Unicode char U+00A3 (decimal 163)
   defining Unicode char U+00B8 (decimal 184)
   defining Unicode char U+00BF (decimal 191)
   defining Unicode char U+00C5 (decimal 197)
   defining Unicode char U+00C6 (decimal 198)
   defining Unicode char U+00D8 (decimal 216)
   defining Unicode char U+00DF (decimal 223)
   defining Unicode char U+00E6 (decimal 230)
   defining Unicode char U+00EC (decimal 236)
   defining Unicode char U+00ED (decimal 237)
   defining Unicode char U+00EE (decimal 238)
   defining Unicode char U+00EF (decimal 239)
   defining Unicode char U+00F8 (decimal 248)
   defining Unicode char U+0131 (decimal 305)
   defining Unicode char U+0141 (decimal 321)
   defining Unicode char U+0142 (decimal 322)
   defining Unicode char U+0152 (decimal 338)
   defining Unicode char U+0153 (decimal 339)
   defining Unicode char U+2013 (decimal 8211)
   defining Unicode char U+2014 (decimal 8212)
   defining Unicode char U+2018 (decimal 8216)
   defining Unicode char U+2019 (decimal 8217)
   defining Unicode char U+201C (decimal 8220)
   defining Unicode char U+201D (decimal 8221)
)
Now handling font encoding OMS ...
... processing UTF-8 mapping file for font encoding OMS

("E:\installed programs\texpro\tex\latex\base\omsenc.dfu"
File: omsenc.dfu 2008/04/05 v1.1m UTF-8 support for inputenc
   defining Unicode char U+00A7 (decimal 167)
   defining Unicode char U+00B6 (decimal 182)
   defining Unicode char U+00B7 (decimal 183)
   defining Unicode char U+2020 (decimal 8224)
   defining Unicode char U+2021 (decimal 8225)
   defining Unicode char U+2022 (decimal 8226)
)
Now handling font encoding OMX ...
... no UTF-8 mapping file for font encoding OMX
Now handling font encoding U ...
... no UTF-8 mapping file for font encoding U
   defining Unicode char U+00A9 (decimal 169)
   defining Unicode char U+00AA (decimal 170)
   defining Unicode char U+00AE (decimal 174)
   defining Unicode char U+00BA (decimal 186)
   defining Unicode char U+02C6 (decimal 710)
   defining Unicode char U+02DC (decimal 732)
   defining Unicode char U+200C (decimal 8204)
   defining Unicode char U+2026 (decimal 8230)
   defining Unicode char U+2122 (decimal 8482)
   defining Unicode char U+2423 (decimal 9251)
))
("E:\installed programs\texpro\tex\latex\rotating\rotating.sty"
Package: rotating 2009/03/28 v2.16a rotated objects in LaTeX

("E:\installed programs\texpro\tex\latex\base\ifthen.sty"
Package: ifthen 2001/05/26 v1.1c Standard LaTeX ifthen package (DPC)
)
\c@r@tfl@t=\count110
\rotFPtop=\skip53
\rotFPbot=\skip54
\rot@float@box=\box32
\rot@mess@toks=\toks31
)
("E:\installed programs\texpro\tex\latex\was\gensymb.sty"
Package: gensymb 2003/07/02 v1.0 (WaS)
)
("E:\installed programs\texpro\tex\latex\upquote\upquote.sty"
Package: upquote 2012/04/19 v1.3 upright-quote and grave-accent glyphs in verba
tim
)
("C:\Users\eansar2\Google Drive\Ph.D. Reports\Statistical Analysis\main.aux")
LaTeX Font Info:    Checking defaults for OML/cmm/m/it on input line 73.
LaTeX Font Info:    ... okay on input line 73.
LaTeX Font Info:    Checking defaults for T1/cmr/m/n on input line 73.
LaTeX Font Info:    ... okay on input line 73.
LaTeX Font Info:    Checking defaults for OT1/cmr/m/n on input line 73.
LaTeX Font Info:    ... okay on input line 73.
LaTeX Font Info:    Checking defaults for OMS/cmsy/m/n on input line 73.
LaTeX Font Info:    ... okay on input line 73.
LaTeX Font Info:    Checking defaults for OMX/cmex/m/n on input line 73.
LaTeX Font Info:    ... okay on input line 73.
LaTeX Font Info:    Checking defaults for U/cmr/m/n on input line 73.
LaTeX Font Info:    ... okay on input line 73.

("E:\installed programs\texpro\tex\context\base\supp-pdf.mkii"
[Loading MPS to PDF converter (version 2006.09.02).]
\scratchcounter=\count111
\scratchdimen=\dimen129
\scratchbox=\box33
\nofMPsegments=\count112
\nofMParguments=\count113
\everyMPshowfont=\toks32
\MPscratchCnt=\count114
\MPscratchDim=\dimen130
\MPnumerator=\count115
\makeMPintoPDFobject=\count116
\everyMPtoPDFconversion=\toks33
)
Package caption Info: Begin \AtBeginDocument code.
Package caption Info: rotating package is loaded.
Package caption Info: End \AtBeginDocument code.
LaTeX Info: Redefining \celsius on input line 73.
Package gensymb Info: Faking symbols for \degree and \celsius on input line 73.



Package gensymb Warning: Not defining \perthousand.

LaTeX Info: Redefining \ohm on input line 73.
Package gensymb Info: Using \Omega for \ohm on input line 73.

Package gensymb Warning: Not defining \micro.

LaTeX Font Info:    Try loading font information for U+msa on input line 86.
("E:\installed programs\texpro\tex\latex\amsfonts\umsa.fd"
File: umsa.fd 2009/06/22 v3.00 AMS symbols A
)
LaTeX Font Info:    Try loading font information for U+msb on input line 86.

("E:\installed programs\texpro\tex\latex\amsfonts\umsb.fd"
File: umsb.fd 2009/06/22 v3.00 AMS symbols B
) [1


{C:/Users/eansar2/AppData/Local/MiKTeX/2.9/pdftex/config/pdftex.map}]
Package color Info: Redefining color shadecolor on input line 108.


LaTeX Warning: No positions in optional float specifier.
               Default added (so using `tbp') on input line 108.

<figure/map_perm.pdf, id=10, 505.89pt x 433.62pt>
File: figure/map_perm.pdf Graphic file (type pdf)
 <use figure/map_perm.pdf>
Package pdftex.def Info: figure/map_perm.pdf used on input line 110.
(pdftex.def)             Requested size: 390.0pt x 334.29204pt.

Overfull \hbox (27.99928pt too wide) in paragraph at lines 124--136
 [][] 
 []

[2] [3 <C:/Users/eansar2/Google Drive/Ph.D. Reports/Statistical Analysis/figure
/map_perm.pdf>] [4]
Package color Info: Redefining color shadecolor on input line 203.


LaTeX Warning: No positions in optional float specifier.
               Default added (so using `tbp') on input line 203.

<figure/PermDotChart.pdf, id=26, 505.89pt x 433.62pt>
File: figure/PermDotChart.pdf Graphic file (type pdf)

<use figure/PermDotChart.pdf>
Package pdftex.def Info: figure/PermDotChart.pdf used on input line 205.
(pdftex.def)             Requested size: 390.0pt x 334.29204pt.
Package color Info: Redefining color shadecolor on input line 220.


LaTeX Warning: No positions in optional float specifier.
               Default added (so using `tbp') on input line 220.

<figure/perm_fit.pdf, id=27, 505.89pt x 505.89pt>
File: figure/perm_fit.pdf Graphic file (type pdf)
 <use figure/perm_fit.pdf>
Package pdftex.def Info: figure/perm_fit.pdf used on input line 222.
(pdftex.def)             Requested size: 390.0pt x 390.00737pt.

[5] [6 <C:/Users/eansar2/Google Drive/Ph.D. Reports/Statistical Analysis/figure
/PermDotChart.pdf>] [7 <C:/Users/eansar2/Google Drive/Ph.D. Reports/Statistical
 Analysis/figure/perm_fit.pdf>]
Package color Info: Redefining color shadecolor on input line 288.


LaTeX Warning: No positions in optional float specifier.
               Default added (so using `tbp') on input line 288.

<figure/histplots1.pdf, id=52, 505.89pt x 505.89pt>
File: figure/histplots1.pdf Graphic file (type pdf)

<use figure/histplots1.pdf>
Package pdftex.def Info: figure/histplots1.pdf used on input line 290.
(pdftex.def)             Requested size: 199.17207pt x 199.17207pt.

<figure/histplots2.pdf, id=53, 505.89pt x 505.89pt>
File: figure/histplots2.pdf Graphic file (type pdf)

<use figure/histplots2.pdf>
Package pdftex.def Info: figure/histplots2.pdf used on input line 291.
(pdftex.def)             Requested size: 199.17207pt x 199.17207pt.

<figure/histplots3.pdf, id=54, 505.89pt x 505.89pt>
File: figure/histplots3.pdf Graphic file (type pdf)

<use figure/histplots3.pdf>
Package pdftex.def Info: figure/histplots3.pdf used on input line 292.
(pdftex.def)             Requested size: 199.17207pt x 199.17207pt.

<figure/histplots4.pdf, id=55, 505.89pt x 505.89pt>
File: figure/histplots4.pdf Graphic file (type pdf)

<use figure/histplots4.pdf>
Package pdftex.def Info: figure/histplots4.pdf used on input line 293.
(pdftex.def)             Requested size: 199.17207pt x 199.17207pt.

Overfull \hbox (10.95523pt too wide) in paragraph at lines 290--293
[][] []
 []


Overfull \hbox (10.95523pt too wide) in paragraph at lines 290--293
[] [] 
 []

Package color Info: Redefining color shadecolor on input line 302.

LaTeX Warning: No positions in optional float specifier.
               Default added (so using `tbp') on input line 302.

<figure/normhistplots1.pdf, id=56, 505.89pt x 505.89pt>
File: figure/normhistplots1.pdf Graphic file (type pdf)

<use figure/normhistplots1.pdf>
Package pdftex.def Info: figure/normhistplots1.pdf used on input line 304.
(pdftex.def)             Requested size: 199.17207pt x 199.17207pt.

<figure/normhistplots2.pdf, id=57, 505.89pt x 505.89pt>
File: figure/normhistplots2.pdf Graphic file (type pdf)

<use figure/normhistplots2.pdf>
Package pdftex.def Info: figure/normhistplots2.pdf used on input line 305.
(pdftex.def)             Requested size: 199.17207pt x 199.17207pt.

<figure/normhistplots3.pdf, id=58, 505.89pt x 505.89pt>
File: figure/normhistplots3.pdf Graphic file (type pdf)

<use figure/normhistplots3.pdf>
Package pdftex.def Info: figure/normhistplots3.pdf used on input line 306.
(pdftex.def)             Requested size: 199.17207pt x 199.17207pt.

<figure/normhistplots4.pdf, id=59, 505.89pt x 505.89pt>
File: figure/normhistplots4.pdf Graphic file (type pdf)

<use figure/normhistplots4.pdf>
Package pdftex.def Info: figure/normhistplots4.pdf used on input line 307.
(pdftex.def)             Requested size: 199.17207pt x 199.17207pt.

Overfull \hbox (10.95523pt too wide) in paragraph at lines 304--307
[][] []
 []


Overfull \hbox (10.95523pt too wide) in paragraph at lines 304--307
[] [] 
 []

Package color Info: Redefining color shadecolor on input line 315.

LaTeX Warning: No positions in optional float specifier.
               Default added (so using `tbp') on input line 315.

<figure/poro_norm_fit.pdf, id=60, 505.89pt x 505.89pt>
File: figure/poro_norm_fit.pdf Graphic file (type pdf)

<use figure/poro_norm_fit.pdf>
Package pdftex.def Info: figure/poro_norm_fit.pdf used on input line 317.
(pdftex.def)             Requested size: 390.0pt x 390.00737pt.
 [8] [9 <C:/Users/eansar2/Google Drive/Ph.D. Reports/Statistical Analysis/figur
e/histplots1.pdf> <C:/Users/eansar2/Google Drive/Ph.D. Reports/Statistical Anal
ysis/figure/histplots2.pdf> <C:/Users/eansar2/Google Drive/Ph.D. Reports/Statis
tical Analysis/figure/histplots3.pdf> <C:/Users/eansar2/Google Drive/Ph.D. Repo
rts/Statistical Analysis/figure/histplots4.pdf>]
[10 <C:/Users/eansar2/Google Drive/Ph.D. Reports/Statistical Analysis/figure/no
rmhistplots1.pdf> <C:/Users/eansar2/Google Drive/Ph.D. Reports/Statistical Anal
ysis/figure/normhistplots2.pdf> <C:/Users/eansar2/Google Drive/Ph.D. Reports/St
atistical Analysis/figure/normhistplots3.pdf> <C:/Users/eansar2/Google Drive/Ph
.D. Reports/Statistical Analysis/figure/normhistplots4.pdf>] [11 <C:/Users/eans
ar2/Google Drive/Ph.D. Reports/Statistical Analysis/figure/poro_norm_fit.pdf>]

! Package inputenc Error: Unicode char \u8:° not set up for use with LaTeX.

See the inputenc package documentation for explanation.
Type  H <return>  for immediate help.
 ...                                              
                                                  
l.351 ...rmal graident varies from less than 15 °
                                                  C/km to more than 50°C/km...

Your command was ignored.
Type  I <command> <return>  to replace it with another command,
or  <return>  to continue without it.


! Package inputenc Error: Unicode char \u8:° not set up for use with LaTeX.

See the inputenc package documentation for explanation.
Type  H <return>  for immediate help.
 ...                                              
                                                  
l.351 ...rom less than 15 °C/km to more than 50°
                                                  C/km on a regional basis. ...

Your command was ignored.
Type  I <command> <return>  to replace it with another command,
or  <return>  to continue without it.


! Package inputenc Error: Unicode char \u8:° not set up for use with LaTeX.

See the inputenc package documentation for explanation.
Type  H <return>  for immediate help.
 ...                                              
                                                  
l.351 ...have an average thermal gradient of 23 °
                                                  C/km. They suggest a geoth...

Your command was ignored.
Type  I <command> <return>  to replace it with another command,
or  <return>  to continue without it.


! Package inputenc Error: Unicode char \u8:° not set up for use with LaTeX.

See the inputenc package documentation for explanation.
Type  H <return>  for immediate help.
 ...                                              
                                                  
l.351 ... suggest a geothermal gradient of 28.9 °
                                                  C/km from the depth of 390...

Your command was ignored.
Type  I <command> <return>  to replace it with another command,
or  <return>  to continue without it.

Package color Info: Redefining color shadecolor on input line 356.

LaTeX Warning: No positions in optional float specifier.
               Default added (so using `tbp') on input line 356.

<figure/geothermal_gradient.pdf, id=140, 505.89pt x 505.89pt>
File: figure/geothermal_gradient.pdf Graphic file (type pdf)

<use figure/geothermal_gradient.pdf>
Package pdftex.def Info: figure/geothermal_gradient.pdf used on input line 358.

(pdftex.def)             Requested size: 390.0pt x 390.00737pt.


LaTeX Warning: Float too large for page by 25.50735pt on input line 359.

Package color Info: Redefining color shadecolor on input line 373.

LaTeX Warning: No positions in optional float specifier.
               Default added (so using `tbp') on input line 373.

<figure/bootstrap_plot.pdf, id=141, 505.89pt x 505.89pt>
File: figure/bootstrap_plot.pdf Graphic file (type pdf)

<use figure/bootstrap_plot.pdf>
Package pdftex.def Info: figure/bootstrap_plot.pdf used on input line 375.
(pdftex.def)             Requested size: 390.0pt x 390.00737pt.
 [12] [13 <C:/Users/eansar2/Google Drive/Ph.D. Reports/Statistical Analysis/fig
ure/geothermal_gradient.pdf>] [14 <C:/Users/eansar2/Google Drive/Ph.D. Reports/
Statistical Analysis/figure/bootstrap_plot.pdf>] <./figure/schematic.pdf, id=16
6, 524.5275pt x 173.98329pt>
File: ./figure/schematic.pdf Graphic file (type pdf)

<use ./figure/schematic.pdf>
Package pdftex.def Info: ./figure/schematic.pdf used on input line 395.
(pdftex.def)             Requested size: 292.5pt x 97.02379pt.
 [15 <C:/Users/eansar2/Google Drive/Ph.D. Reports/Statistical Analysis/figure/s
chematic.pdf>]
Package color Info: Redefining color shadecolor on input line 441.


LaTeX Warning: No positions in optional float specifier.
               Default added (so using `tbp') on input line 441.

<figure/dip_angle.pdf, id=232, 505.89pt x 505.89pt>
File: figure/dip_angle.pdf Graphic file (type pdf)
 <use figure/dip_angle.pdf>
Package pdftex.def Info: figure/dip_angle.pdf used on input line 444.
(pdftex.def)             Requested size: 284.53154pt x 284.53154pt.

[16] [17 <C:/Users/eansar2/Google Drive/Ph.D. Reports/Statistical Analysis/figu
re/dip_angle.pdf>]
Package color Info: Redefining color shadecolor on input line 463.


LaTeX Warning: No positions in optional float specifier.
               Default added (so using `tbp') on input line 463.

<figure/injectionTemp.pdf, id=248, 505.89pt x 505.89pt>
File: figure/injectionTemp.pdf Graphic file (type pdf)

<use figure/injectionTemp.pdf>
Package pdftex.def Info: figure/injectionTemp.pdf used on input line 466.
(pdftex.def)             Requested size: 199.17207pt x 199.17207pt.

<./figure/DHE.pdf, id=249, 501.78105pt x 377.94821pt>
File: ./figure/DHE.pdf Graphic file (type pdf)
 <use ./figure/DHE.pdf>
Package pdftex.def Info: ./figure/DHE.pdf used on input line 481.
(pdftex.def)             Requested size: 292.5pt x 220.32314pt.

[18 <C:/Users/eansar2/Google Drive/Ph.D. Reports/Statistical Analysis/figure/in
jectionTemp.pdf>] [19 <C:/Users/eansar2/Google Drive/Ph.D. Reports/Statistical 
Analysis/figure/DHE.pdf>]
Package color Info: Redefining color shadecolor on input line 495.


LaTeX Warning: No positions in optional float specifier.
               Default added (so using `tbp') on input line 495.

<figure/flowrate.pdf, id=405, 505.89pt x 505.89pt>
File: figure/flowrate.pdf Graphic file (type pdf)
 <use figure/flowrate.pdf>
Package pdftex.def Info: figure/flowrate.pdf used on input line 498.
(pdftex.def)             Requested size: 199.17207pt x 199.17207pt.

("C:\Users\eansar2\Google Drive\Ph.D. Reports\Statistical Analysis\main.bbl"
[20 <C:/Users/eansar2/Google Drive/Ph.D. Reports/Statistical Analysis/figure/fl
owrate.pdf>] [21]) [22]
("C:\Users\eansar2\Google Drive\Ph.D. Reports\Statistical Analysis\main.aux") )
 
Here is how much of TeX's memory you used:
 4483 strings out of 494045
 62384 string characters out of 3147978
 123331 words of memory out of 3000000
 7662 multiletter control sequences out of 15000+200000
 12558 words of font info for 46 fonts, out of 3000000 for 9000
 715 hyphenation exceptions out of 8191
 36i,9n,39p,1272b,324s stack positions out of 5000i,500n,10000p,200000b,50000s
<E:/installed programs/texpro/fonts/type1/public/amsfonts/cm/cmbx12.pfb><E:/ins
talled programs/texpro/fonts/type1/public/amsfonts/cm/cmex10.pfb><E:/installed 
programs/texpro/fonts/type1/public/amsfonts/cm/cmmi12.pfb><E:/installed program
s/texpro/fonts/type1/public/amsfonts/cm/cmmi8.pfb><E:/installed programs/texpro
/fonts/type1/public/amsfonts/cm/cmr12.pfb><E:/installed programs/texpro/fonts/t
ype1/public/amsfonts/cm/cmr17.pfb><E:/installed programs/texpro/fonts/type1/pub
lic/amsfonts/cm/cmr8.pfb><E:/installed programs/texpro/fonts/type1/public/amsfo
nts/cm/cmsy10.pfb><E:/installed programs/texpro/fonts/type1/public/amsfonts/cm/
cmsy8.pfb><E:/installed programs/texpro/fonts/type1/public/amsfonts/cm/cmti10.p
fb><E:/installed programs/texpro/fonts/type1/public/amsfonts/cm/cmtt12.pfb>
Output written on main.pdf (22 pages, 445840 bytes).
PDF statistics:
 457 PDF objects out of 1000 (max. 8388607)
 0 named destinations out of 1000 (max. 500000)
 96 words of extra memory for PDF output out of 10000 (max. 10000000)

